#
# There is insufficient memory for the Java Runtime Environment to continue.
# Native memory allocation (malloc) failed to allocate 32744 bytes. Error detail: ChunkPool::allocate
# Possible reasons:
#   The system is out of physical RAM or swap space
#   This process is running with CompressedOops enabled, and the Java Heap may be blocking the growth of the native heap
# Possible solutions:
#   Reduce memory load on the system
#   Increase physical memory or swap space
#   Check if swap backing store is full
#   Decrease Java heap size (-Xmx/-Xms)
#   Decrease number of Java threads
#   Decrease Java thread stack sizes (-Xss)
#   Set larger code cache with -XX:ReservedCodeCacheSize=
#   JVM is running with Unscaled Compressed Oops mode in which the Java heap is
#     placed in the first 4GB address space. The Java Heap base address is the
#     maximum limit for the native heap growth. Please use -XX:HeapBaseMinAddress
#     to set the Java Heap base and to place the Java Heap above 4GB virtual address.
# This output file may be truncated or incomplete.
#
#  Out of Memory Error (arena.cpp:79), pid=15432, tid=13560
#
# JRE version: OpenJDK Runtime Environment Temurin-17.0.13+11 (17.0.13+11) (build 17.0.13+11)
# Java VM: OpenJDK 64-Bit Server VM Temurin-17.0.13+11 (17.0.13+11, mixed mode, tiered, compressed oops, compressed class ptrs, parallel gc, windows-amd64)
# No core dump will be written. Minidumps are not enabled by default on client versions of Windows
#

---------------  S U M M A R Y ------------

Command Line: --add-modules=ALL-SYSTEM --add-opens=java.base/java.util=ALL-UNNAMED --add-opens=java.base/java.lang=ALL-UNNAMED --add-opens=java.base/sun.nio.fs=ALL-UNNAMED -Declipse.application=org.eclipse.jdt.ls.core.id1 -Dosgi.bundles.defaultStartLevel=4 -Declipse.product=org.eclipse.jdt.ls.core.product -Djava.import.generatesMetadataFilesAtProjectRoot=false -DDetectVMInstallationsJob.disabled=true -Dfile.encoding=utf8 -XX:+UseParallelGC -XX:GCTimeRatio=4 -XX:AdaptiveSizePolicyWeight=90 -Dsun.zip.disableMemoryMapping=true -Xmx1G -Xms100m -Xlog:disable -javaagent:c:\Users\diurno\.vscode\extensions\redhat.java-1.36.0-win32-x64\lombok\lombok-1.18.35.jar -XX:+HeapDumpOnOutOfMemoryError -XX:HeapDumpPath=c:\Users\diurno\AppData\Roaming\Code\User\workspaceStorage\4af0da5496e3b76ea03ee0c80b5b9cc0\redhat.java -Daether.dependencyCollector.impl=bf c:\Users\diurno\.vscode\extensions\redhat.java-1.36.0-win32-x64\server\plugins\org.eclipse.equinox.launcher_1.6.900.v20240613-2009.jar -configuration c:\Users\diurno\AppData\Roaming\Code\User\globalStorage\redhat.java\1.36.0\config_win -data c:\Users\diurno\AppData\Roaming\Code\User\workspaceStorage\4af0da5496e3b76ea03ee0c80b5b9cc0\redhat.java\jdt_ws --pipe=\\.\pipe\lsp-20a349705f06538413527b061b58746c-sock

Host: Intel(R) Core(TM) i5-8400 CPU @ 2.80GHz, 6 cores, 15G,  Windows 11 , 64 bit Build 22621 (10.0.22621.4391)
Time: Wed Nov  6 13:23:33 2024 Hora estándar romance elapsed time: 0.329179 seconds (0d 0h 0m 0s)

---------------  T H R E A D  ---------------

Current thread (0x00000176e3cbd890):  JavaThread "main" [_thread_in_vm, id=13560, stack(0x00000052d1200000,0x00000052d1300000)]

Stack: [0x00000052d1200000,0x00000052d1300000]
Native frames: (J=compiled Java code, j=interpreted, Vv=VM code, C=native code)
V  [jvm.dll+0x682a19]
V  [jvm.dll+0x839538]
V  [jvm.dll+0x83afe3]
V  [jvm.dll+0x83b653]
V  [jvm.dll+0x24704f]
V  [jvm.dll+0xad03c]
V  [jvm.dll+0xad4cc]
V  [jvm.dll+0x6d92e9]
V  [jvm.dll+0x6d9d8f]
V  [jvm.dll+0x372395]
V  [jvm.dll+0x371414]
V  [jvm.dll+0x3713b8]
V  [jvm.dll+0x5669af]
V  [jvm.dll+0x566a58]
V  [jvm.dll+0x384fcb]
V  [jvm.dll+0x384a72]
C  0x00000176ef6986ff

The last pc belongs to getstatic (printed below).
Java frames: (J=compiled Java code, j=interpreted, Vv=VM code)
j  java.lang.constant.MethodHandleDesc.ofMethod(Ljava/lang/constant/DirectMethodHandleDesc$Kind;Ljava/lang/constant/ClassDesc;Ljava/lang/String;Ljava/lang/constant/MethodTypeDesc;)Ljava/lang/constant/DirectMethodHandleDesc;+0 java.base@17.0.13
j  java.lang.constant.ConstantDescs.ofConstantBootstrap(Ljava/lang/constant/ClassDesc;Ljava/lang/String;Ljava/lang/constant/ClassDesc;[Ljava/lang/constant/ClassDesc;)Ljava/lang/constant/DirectMethodHandleDesc;+19 java.base@17.0.13
j  java.lang.constant.ConstantDescs.<clinit>()V+382 java.base@17.0.13
v  ~StubRoutines::call_stub
j  java.lang.invoke.VarHandle$VarHandleDesc$Kind.<clinit>()V+7 java.base@17.0.13
v  ~StubRoutines::call_stub
j  java.lang.invoke.VarHandle$2.<clinit>()V+0 java.base@17.0.13
v  ~StubRoutines::call_stub
j  java.lang.invoke.VarHandle$AccessType.accessModeType(Ljava/lang/Class;Ljava/lang/Class;[Ljava/lang/Class;)Ljava/lang/invoke/MethodType;+0 java.base@17.0.13
j  java.lang.invoke.VarHandleByteArrayAsInts$ArrayHandle.accessModeTypeUncached(Ljava/lang/invoke/VarHandle$AccessType;)Ljava/lang/invoke/MethodType;+16 java.base@17.0.13
j  java.lang.invoke.VarHandle.accessModeTypeUncached(I)Ljava/lang/invoke/MethodType;+6 java.base@17.0.13
j  java.lang.invoke.VarHandle.accessModeType(I)Ljava/lang/invoke/MethodType;+23 java.base@17.0.13
j  java.lang.invoke.VarHandle.checkExactAccessMode(Ljava/lang/invoke/VarHandle$AccessDescriptor;)V+12 java.base@17.0.13
j  java.lang.invoke.VarHandleGuards.guard_LI_I(Ljava/lang/invoke/VarHandle;Ljava/lang/Object;ILjava/lang/invoke/VarHandle$AccessDescriptor;)I+2 java.base@17.0.13
j  sun.security.provider.ByteArrayAccess.b2iBig64([BI[I)V+7 java.base@17.0.13
j  sun.security.provider.SHA2.implCompress0([BI)V+21 java.base@17.0.13
j  sun.security.provider.SHA2.implCompress([BI)V+9 java.base@17.0.13
j  sun.security.provider.DigestBase.implCompressMultiBlock0([BII)I+8 java.base@17.0.13
j  sun.security.provider.DigestBase.implCompressMultiBlock([BII)I+11 java.base@17.0.13
j  sun.security.provider.DigestBase.engineUpdate([BII)V+159 java.base@17.0.13
j  java.security.MessageDigest$Delegate.engineUpdate([BII)V+7 java.base@17.0.13
j  java.security.MessageDigest.update([B)V+5 java.base@17.0.13
j  java.security.MessageDigest.digest([B)[B+2 java.base@17.0.13
j  sun.security.pkcs.SignerInfo.verify(Lsun/security/pkcs/PKCS7;[B)Lsun/security/pkcs/SignerInfo;+314 java.base@17.0.13
j  sun.security.pkcs.PKCS7.verify(Lsun/security/pkcs/SignerInfo;[B)Lsun/security/pkcs/SignerInfo;+3 java.base@17.0.13
j  sun.security.pkcs.PKCS7.verify([B)[Lsun/security/pkcs/SignerInfo;+27 java.base@17.0.13
j  sun.security.pkcs.SignerInfo.getTimestamp()Ljava/security/Timestamp;+45 java.base@17.0.13
j  sun.security.pkcs.SignerInfo.verify(Lsun/security/pkcs/PKCS7;[B)Lsun/security/pkcs/SignerInfo;+3 java.base@17.0.13
j  sun.security.pkcs.PKCS7.verify(Lsun/security/pkcs/SignerInfo;[B)Lsun/security/pkcs/SignerInfo;+3 java.base@17.0.13
j  sun.security.pkcs.PKCS7.verify([B)[Lsun/security/pkcs/SignerInfo;+27 java.base@17.0.13
j  sun.security.util.SignatureFileVerifier.processImpl(Ljava/util/Hashtable;Ljava/util/List;Ljava/lang/String;)V+63 java.base@17.0.13
j  sun.security.util.SignatureFileVerifier.process(Ljava/util/Hashtable;Ljava/util/List;Ljava/lang/String;)V+12 java.base@17.0.13
j  java.util.jar.JarVerifier.processEntry(Lsun/security/util/ManifestEntryVerifier;)V+400 java.base@17.0.13
j  java.util.jar.JarVerifier.update(I[BIILsun/security/util/ManifestEntryVerifier;)V+39 java.base@17.0.13
j  java.util.jar.JarFile.initializeVerifier()V+163 java.base@17.0.13
j  java.util.jar.JarFile.ensureInitialization()V+41 java.base@17.0.13
j  java.util.jar.JavaUtilJarAccessImpl.ensureInitialization(Ljava/util/jar/JarFile;)V+1 java.base@17.0.13
j  jdk.internal.loader.URLClassPath$JarLoader$2.getManifest()Ljava/util/jar/Manifest;+10 java.base@17.0.13
j  jdk.internal.loader.BuiltinClassLoader.defineClass(Ljava/lang/String;Ljdk/internal/loader/Resource;)Ljava/lang/Class;+29 java.base@17.0.13
j  jdk.internal.loader.BuiltinClassLoader.findClassOnClassPathOrNull(Ljava/lang/String;)Ljava/lang/Class;+37 java.base@17.0.13
j  jdk.internal.loader.BuiltinClassLoader.loadClassOrNull(Ljava/lang/String;Z)Ljava/lang/Class;+111 java.base@17.0.13
j  jdk.internal.loader.BuiltinClassLoader.loadClass(Ljava/lang/String;Z)Ljava/lang/Class;+3 java.base@17.0.13
j  jdk.internal.loader.ClassLoaders$AppClassLoader.loadClass(Ljava/lang/String;Z)Ljava/lang/Class;+36 java.base@17.0.13
j  java.lang.ClassLoader.loadClass(Ljava/lang/String;)Ljava/lang/Class;+3 java.base@17.0.13
v  ~StubRoutines::call_stub
j  java.lang.Class.forName0(Ljava/lang/String;ZLjava/lang/ClassLoader;Ljava/lang/Class;)Ljava/lang/Class;+0 java.base@17.0.13
j  java.lang.Class.forName(Ljava/lang/String;ZLjava/lang/ClassLoader;)Ljava/lang/Class;+43 java.base@17.0.13
j  sun.launcher.LauncherHelper.loadMainClass(ILjava/lang/String;)Ljava/lang/Class;+95 java.base@17.0.13
j  sun.launcher.LauncherHelper.checkAndLoadMain(ZILjava/lang/String;)Ljava/lang/Class;+42 java.base@17.0.13
v  ~StubRoutines::call_stub
getstatic  178 getstatic  [0x00000176ef698660, 0x00000176ef698860]  512 bytes
[MachCode]
  0x00000176ef698660: 4883 ec08 | c5fa 1104 | 24eb 1f48 | 83ec 10c5 | fb11 0424 | eb14 4883 | ec10 4889 | 0424 48c7 
  0x00000176ef698680: 4424 0800 | 0000 00eb | 0150 410f | b755 0148 | 8b4d d0c1 | e202 8b5c | d120 c1eb | 1081 e3ff 
  0x00000176ef6986a0: 0000 0081 | fbb2 0000 | 000f 84b6 | 0000 00bb | b200 0000 | e805 0000 | 00e9 9b00 | 0000 488b 
  0x00000176ef6986c0: d348 8d44 | 2408 4c89 | 6dc0 498b | cfc5 f877 | 4989 afa8 | 0200 0049 | 8987 9802 | 0000 4883 
  0x00000176ef6986e0: ec20 f7c4 | 0f00 0000 | 0f84 1a00 | 0000 4883 | ec08 49ba | 104a 07c8 | f97f 0000 | 41ff d248 
  0x00000176ef698700: 83c4 08e9 | 0d00 0000 | 49ba 104a | 07c8 f97f | 0000 41ff | d248 83c4 | 2049 c787 | 9802 0000 
  0x00000176ef698720: 0000 0000 | 49c7 87a8 | 0200 0000 | 0000 0049 | c787 a002 | 0000 0000 | 0000 c5f8 | 7749 817f 
  0x00000176ef698740: 0800 0000 | 000f 8405 | 0000 00e9 | b087 feff | 4c8b 6dc0 | 4c8b 75c8 | c341 0fb7 | 5501 488b 
  0x00000176ef698760: 4dd0 c1e2 | 0248 8b5c | d130 8b44 | d138 4c8b | 4cd1 284d | 8b49 704d | 8b09 c1e8 | 1c83 e00f 
  0x00000176ef698780: 0f85 0b00 | 0000 410f | be04 1950 | e9b1 0000 | 0083 f801 | 0f85 0b00 | 0000 410f | b604 1950 
  0x00000176ef6987a0: e99d 0000 | 0083 f808 | 0f85 0a00 | 0000 418b | 0419 50e9 | 8a00 0000 | 83f8 040f | 850a 0000 
  0x00000176ef6987c0: 0041 8b04 | 1950 e977 | 0000 0083 | f802 0f85 | 0b00 0000 | 410f b704 | 1950 e963 | 0000 0083 
  0x00000176ef6987e0: f803 0f85 | 0b00 0000 | 410f bf04 | 1950 e94f | 0000 0083 | f805 0f85 | 1a00 0000 | 498b 0419 
  0x00000176ef698800: 4883 ec10 | 4889 0424 | 48c7 4424 | 0800 0000 | 00e9 2c00 | 0000 83f8 | 060f 8514 | 0000 00c4 
  0x00000176ef698820: c17a 1004 | 1948 83ec | 08c5 fa11 | 0424 e90f | 0000 00c4 | c17b 1004 | 1948 83ec | 10c5 fb11 
  0x00000176ef698840: 0424 410f | b65d 0349 | 83c5 0349 | ba00 3f8a | c8f9 7f00 | 0041 ff24 | da0f 1f80 | 0000 0000 
[/MachCode]

---------------  P R O C E S S  ---------------

Threads class SMR info:
_java_thread_list=0x00000176ff4827d0, length=13, elements={
0x00000176e3cbd890, 0x00000176f9a91020, 0x00000176f9a91cb0, 0x00000176f9a98c10,
0x00000176f9a99740, 0x00000176f9a9cc20, 0x00000176f9a9e700, 0x00000176ff140720,
0x00000176ff143f90, 0x00000176ff159080, 0x00000176ff234050, 0x00000176ff3921c0,
0x00000176ff491040
}

Java Threads: ( => current thread )
=>0x00000176e3cbd890 JavaThread "main" [_thread_in_vm, id=13560, stack(0x00000052d1200000,0x00000052d1300000)]
  0x00000176f9a91020 JavaThread "Reference Handler" daemon [_thread_blocked, id=10232, stack(0x00000052d1600000,0x00000052d1700000)]
  0x00000176f9a91cb0 JavaThread "Finalizer" daemon [_thread_blocked, id=13120, stack(0x00000052d1700000,0x00000052d1800000)]
  0x00000176f9a98c10 JavaThread "Signal Dispatcher" daemon [_thread_blocked, id=7484, stack(0x00000052d1800000,0x00000052d1900000)]
  0x00000176f9a99740 JavaThread "Attach Listener" daemon [_thread_blocked, id=2996, stack(0x00000052d1900000,0x00000052d1a00000)]
  0x00000176f9a9cc20 JavaThread "Service Thread" daemon [_thread_blocked, id=10876, stack(0x00000052d1a00000,0x00000052d1b00000)]
  0x00000176f9a9e700 JavaThread "Monitor Deflation Thread" daemon [_thread_blocked, id=12020, stack(0x00000052d1b00000,0x00000052d1c00000)]
  0x00000176ff140720 JavaThread "C2 CompilerThread0" daemon [_thread_blocked, id=3292, stack(0x00000052d1c00000,0x00000052d1d00000)]
  0x00000176ff143f90 JavaThread "C1 CompilerThread0" daemon [_thread_blocked, id=5428, stack(0x00000052d1d00000,0x00000052d1e00000)]
  0x00000176ff159080 JavaThread "Sweeper thread" daemon [_thread_blocked, id=1336, stack(0x00000052d1e00000,0x00000052d1f00000)]
  0x00000176ff234050 JavaThread "Common-Cleaner" daemon [_thread_blocked, id=10916, stack(0x00000052d1f00000,0x00000052d2000000)]
  0x00000176ff3921c0 JavaThread "C2 CompilerThread1" daemon [_thread_in_native, id=6756, stack(0x00000052d2000000,0x00000052d2100000)]
  0x00000176ff491040 JavaThread "Notification Thread" daemon [_thread_blocked, id=5820, stack(0x00000052d2100000,0x00000052d2200000)]

Other Threads:
  0x00000176e3d6ead0 VMThread "VM Thread" [stack: 0x00000052d1500000,0x00000052d1600000] [id=4628]
  0x00000176ff493060 WatcherThread [stack: 0x00000052d2200000,0x00000052d2300000] [id=13632]
  0x00000176e3cd2240 GCTaskThread "GC Thread#0" [stack: 0x00000052d1400000,0x00000052d1500000] [id=10284]

Threads with active compile tasks:
C2 CompilerThread1      349  511       4       lombok.patcher.PatchScript::classMatches (41 bytes)

VM state: not at safepoint (normal execution)

VM Mutex/Monitor currently owned by a thread: None

Heap address: 0x00000000c0000000, size: 1024 MB, Compressed Oops mode: 32-bit

CDS archive(s) not mapped
Compressed class space mapped at: 0x0000000100000000-0x0000000140000000, reserved size: 1073741824
Narrow klass base: 0x0000000000000000, Narrow klass shift: 3, Narrow klass range: 0x140000000

GC Precious Log:
 CPUs: 6 total, 6 available
 Memory: 16158M
 Large Page Support: Disabled
 NUMA Support: Disabled
 Compressed Oops: Enabled (32-bit)
 Alignments: Space 512K, Generation 512K, Heap 2M
 Heap Min Capacity: 100M
 Heap Initial Capacity: 100M
 Heap Max Capacity: 1G
 Pre-touch: Disabled
 Parallel Workers: 6

Heap:
 PSYoungGen      total 29696K, used 11903K [0x00000000eab00000, 0x00000000ecc00000, 0x0000000100000000)
  eden space 25600K, 46% used [0x00000000eab00000,0x00000000eb69fd30,0x00000000ec400000)
  from space 4096K, 0% used [0x00000000ec800000,0x00000000ec800000,0x00000000ecc00000)
  to   space 4096K, 0% used [0x00000000ec400000,0x00000000ec400000,0x00000000ec800000)
 ParOldGen       total 68608K, used 0K [0x00000000c0000000, 0x00000000c4300000, 0x00000000eab00000)
  object space 68608K, 0% used [0x00000000c0000000,0x00000000c0000000,0x00000000c4300000)
 Metaspace       used 8355K, committed 8448K, reserved 1114112K
  class space    used 820K, committed 896K, reserved 1048576K

Card table byte_map: [0x00000176f7330000,0x00000176f7540000] _byte_map_base: 0x00000176f6d30000

Marking Bits: (ParMarkBitMap*) 0x00007ff9c8896940
 Begin Bits: [0x00000176f76a0000, 0x00000176f86a0000)
 End Bits:   [0x00000176f86a0000, 0x00000176f96a0000)

Polling page: 0x00000176e3d70000

Metaspace:

Usage:
  Non-class:      7.36 MB used.
      Class:    820.47 KB used.
       Both:      8.16 MB used.

Virtual space:
  Non-class space:       64.00 MB reserved,       7.38 MB ( 12%) committed,  1 nodes.
      Class space:        1.00 GB reserved,     896.00 KB ( <1%) committed,  1 nodes.
             Both:        1.06 GB reserved,       8.25 MB ( <1%) committed. 

Chunk freelists:
   Non-Class:  8.00 MB
       Class:  15.09 MB
        Both:  23.09 MB

MaxMetaspaceSize: unlimited
CompressedClassSpaceSize: 1.00 GB
Initial GC threshold: 21.00 MB
Current GC threshold: 21.00 MB
CDS: off
MetaspaceReclaimPolicy: balanced
 - commit_granule_bytes: 65536.
 - commit_granule_words: 8192.
 - virtual_space_node_default_size: 8388608.
 - enlarge_chunks_in_place: 1.
 - new_chunks_are_fully_committed: 0.
 - uncommit_free_chunks: 1.
 - use_allocation_guard: 0.
 - handle_deallocations: 1.


Internal statistics:

num_allocs_failed_limit: 0.
num_arena_births: 10.
num_arena_deaths: 0.
num_vsnodes_births: 2.
num_vsnodes_deaths: 0.
num_space_committed: 132.
num_space_uncommitted: 0.
num_chunks_returned_to_freelist: 0.
num_chunks_taken_from_freelist: 41.
num_chunk_merges: 0.
num_chunk_splits: 23.
num_chunks_enlarged: 22.
num_inconsistent_stats: 0.

CodeHeap 'non-profiled nmethods': size=120000Kb used=199Kb max_used=199Kb free=119800Kb
 bounds [0x00000176efc20000, 0x00000176efe90000, 0x00000176f7150000]
CodeHeap 'profiled nmethods': size=120000Kb used=737Kb max_used=737Kb free=119262Kb
 bounds [0x00000176e8150000, 0x00000176e83c0000, 0x00000176ef680000]
CodeHeap 'non-nmethods': size=5760Kb used=1128Kb max_used=1145Kb free=4631Kb
 bounds [0x00000176ef680000, 0x00000176ef8f0000, 0x00000176efc20000]
 total_blobs=958 nmethods=543 adapters=330
 compilation: enabled
              stopped_count=0, restarted_count=0
 full_count=0

Compilation events (20 events):
Event: 0.315 Thread 0x00000176ff140720 nmethod 521 0x00000176efc4ec10 code [0x00000176efc4eda0, 0x00000176efc4ee98]
Event: 0.315 Thread 0x00000176ff140720  525       4       java.lang.Character::digit (6 bytes)
Event: 0.316 Thread 0x00000176ff140720 nmethod 525 0x00000176efc4ef90 code [0x00000176efc4f120, 0x00000176efc4f238]
Event: 0.316 Thread 0x00000176ff140720  517       4       java.lang.StringLatin1::newString (24 bytes)
Event: 0.316 Thread 0x00000176ff143f90  534       3       sun.security.util.DerInputStream::available (10 bytes)
Event: 0.317 Thread 0x00000176ff143f90 nmethod 534 0x00000176e8206190 code [0x00000176e8206320, 0x00000176e8206438]
Event: 0.317 Thread 0x00000176ff143f90  535       3       java.lang.Byte::<init> (10 bytes)
Event: 0.317 Thread 0x00000176ff143f90 nmethod 535 0x00000176e8206510 code [0x00000176e82066c0, 0x00000176e8206898]
Event: 0.317 Thread 0x00000176ff143f90  536       3       java.util.jar.Manifest$FastInputStream::readLine (296 bytes)
Event: 0.318 Thread 0x00000176ff143f90 nmethod 536 0x00000176e8206990 code [0x00000176e8206bc0, 0x00000176e8207468]
Event: 0.318 Thread 0x00000176ff143f90  537       3       java.lang.reflect.Modifier::isPublic (12 bytes)
Event: 0.318 Thread 0x00000176ff143f90 nmethod 537 0x00000176e8207810 code [0x00000176e82079a0, 0x00000176e8207ad8]
Event: 0.318 Thread 0x00000176ff140720 nmethod 517 0x00000176efc4f390 code [0x00000176efc4f520, 0x00000176efc4f938]
Event: 0.318 Thread 0x00000176ff143f90  538  s    3       java.io.ByteArrayOutputStream::write (32 bytes)
Event: 0.318 Thread 0x00000176ff143f90 nmethod 538 0x00000176e8207b90 code [0x00000176e8207d40, 0x00000176e8207f88]
Event: 0.319 Thread 0x00000176ff143f90  539       3       java.lang.reflect.Modifier::isProtected (12 bytes)
Event: 0.319 Thread 0x00000176ff143f90 nmethod 539 0x00000176e8208090 code [0x00000176e8208220, 0x00000176e8208358]
Event: 0.319 Thread 0x00000176ff140720  540       4       java.util.HashSet::iterator (13 bytes)
Event: 0.322 Thread 0x00000176ff143f90  544       3       java.lang.invoke.MemberName::initResolved (53 bytes)
Event: 0.322 Thread 0x00000176ff143f90 nmethod 544 0x00000176e8208410 code [0x00000176e82085a0, 0x00000176e8208718]

GC Heap History (0 events):
No events

Dll operation events (8 events):
Event: 0.008 Loaded shared library c:\Users\diurno\.vscode\extensions\redhat.java-1.36.0-win32-x64\jre\17.0.13-win32-x86_64\bin\java.dll
Event: 0.124 Loaded shared library c:\Users\diurno\.vscode\extensions\redhat.java-1.36.0-win32-x64\jre\17.0.13-win32-x86_64\bin\zip.dll
Event: 0.126 Loaded shared library C:\Users\diurno\.vscode\extensions\redhat.java-1.36.0-win32-x64\jre\17.0.13-win32-x86_64\bin\instrument.dll
Event: 0.135 Loaded shared library C:\Users\diurno\.vscode\extensions\redhat.java-1.36.0-win32-x64\jre\17.0.13-win32-x86_64\bin\net.dll
Event: 0.137 Loaded shared library C:\Users\diurno\.vscode\extensions\redhat.java-1.36.0-win32-x64\jre\17.0.13-win32-x86_64\bin\nio.dll
Event: 0.142 Loaded shared library C:\Users\diurno\.vscode\extensions\redhat.java-1.36.0-win32-x64\jre\17.0.13-win32-x86_64\bin\zip.dll
Event: 0.153 Loaded shared library C:\Users\diurno\.vscode\extensions\redhat.java-1.36.0-win32-x64\jre\17.0.13-win32-x86_64\bin\jimage.dll
Event: 0.194 Loaded shared library c:\Users\diurno\.vscode\extensions\redhat.java-1.36.0-win32-x64\jre\17.0.13-win32-x86_64\bin\verify.dll

Deoptimization events (20 events):
Event: 0.289 Thread 0x00000176e3cbd890 Uncommon trap: trap_request=0xffffffde fr.pc=0x00000176efc4933c relative=0x000000000000011c
Event: 0.289 Thread 0x00000176e3cbd890 Uncommon trap: reason=class_check action=maybe_recompile pc=0x00000176efc4933c method=jdk.internal.misc.Unsafe.allocateUninitializedArray(Ljava/lang/Class;I)Ljava/lang/Object; @ 51 c2
Event: 0.289 Thread 0x00000176e3cbd890 DEOPT PACKING pc=0x00000176efc4933c sp=0x00000052d12fc350
Event: 0.289 Thread 0x00000176e3cbd890 DEOPT UNPACKING pc=0x00000176ef6d66a3 sp=0x00000052d12fc2d8 mode 2
Event: 0.289 Thread 0x00000176e3cbd890 Uncommon trap: trap_request=0xffffffde fr.pc=0x00000176efc4933c relative=0x000000000000011c
Event: 0.289 Thread 0x00000176e3cbd890 Uncommon trap: reason=class_check action=maybe_recompile pc=0x00000176efc4933c method=jdk.internal.misc.Unsafe.allocateUninitializedArray(Ljava/lang/Class;I)Ljava/lang/Object; @ 51 c2
Event: 0.289 Thread 0x00000176e3cbd890 DEOPT PACKING pc=0x00000176efc4933c sp=0x00000052d12fc350
Event: 0.289 Thread 0x00000176e3cbd890 DEOPT UNPACKING pc=0x00000176ef6d66a3 sp=0x00000052d12fc2d8 mode 2
Event: 0.289 Thread 0x00000176e3cbd890 Uncommon trap: trap_request=0xffffffde fr.pc=0x00000176efc4933c relative=0x000000000000011c
Event: 0.289 Thread 0x00000176e3cbd890 Uncommon trap: reason=class_check action=maybe_recompile pc=0x00000176efc4933c method=jdk.internal.misc.Unsafe.allocateUninitializedArray(Ljava/lang/Class;I)Ljava/lang/Object; @ 51 c2
Event: 0.289 Thread 0x00000176e3cbd890 DEOPT PACKING pc=0x00000176efc4933c sp=0x00000052d12fc390
Event: 0.289 Thread 0x00000176e3cbd890 DEOPT UNPACKING pc=0x00000176ef6d66a3 sp=0x00000052d12fc318 mode 2
Event: 0.299 Thread 0x00000176e3cbd890 Uncommon trap: trap_request=0xffffff45 fr.pc=0x00000176efc37bc4 relative=0x00000000000000c4
Event: 0.299 Thread 0x00000176e3cbd890 Uncommon trap: reason=unstable_if action=reinterpret pc=0x00000176efc37bc4 method=java.net.URI.match(CJJ)Z @ 45 c2
Event: 0.299 Thread 0x00000176e3cbd890 DEOPT PACKING pc=0x00000176efc37bc4 sp=0x00000052d12fcb90
Event: 0.299 Thread 0x00000176e3cbd890 DEOPT UNPACKING pc=0x00000176ef6d66a3 sp=0x00000052d12fcb18 mode 2
Event: 0.305 Thread 0x00000176e3cbd890 Uncommon trap: trap_request=0xffffff45 fr.pc=0x00000176efc4bbd8 relative=0x0000000000000678
Event: 0.305 Thread 0x00000176e3cbd890 Uncommon trap: reason=unstable_if action=reinterpret pc=0x00000176efc4bbd8 method=java.lang.String.replace(Ljava/lang/CharSequence;Ljava/lang/CharSequence;)Ljava/lang/String; @ 48 c2
Event: 0.305 Thread 0x00000176e3cbd890 DEOPT PACKING pc=0x00000176efc4bbd8 sp=0x00000052d12fcb30
Event: 0.305 Thread 0x00000176e3cbd890 DEOPT UNPACKING pc=0x00000176ef6d66a3 sp=0x00000052d12fcab0 mode 2

Classes loaded (20 events):
Event: 0.322 Loading class java/lang/invoke/VarHandle$VarHandleDesc$Kind
Event: 0.322 Loading class java/lang/invoke/VarHandle$VarHandleDesc$Kind done
Event: 0.322 Loading class java/lang/constant/ConstantDescs
Event: 0.322 Loading class java/lang/constant/ConstantDescs done
Event: 0.322 Loading class java/lang/constant/ClassDesc
Event: 0.322 Loading class java/lang/constant/ClassDesc done
Event: 0.322 Loading class java/lang/constant/ConstantUtils
Event: 0.322 Loading class java/lang/constant/ConstantUtils done
Event: 0.323 Loading class java/lang/constant/ReferenceClassDescImpl
Event: 0.323 Loading class java/lang/constant/ReferenceClassDescImpl done
Event: 0.323 Loading class java/lang/constant/DirectMethodHandleDesc$Kind
Event: 0.323 Loading class java/lang/constant/DirectMethodHandleDesc$Kind done
Event: 0.323 Loading class java/lang/constant/MethodTypeDesc
Event: 0.323 Loading class java/lang/constant/MethodTypeDesc done
Event: 0.323 Loading class java/lang/constant/MethodTypeDescImpl
Event: 0.323 Loading class java/lang/constant/MethodTypeDescImpl done
Event: 0.323 Loading class java/lang/constant/MethodHandleDesc
Event: 0.323 Loading class java/lang/constant/MethodHandleDesc done
Event: 0.323 Loading class java/lang/constant/MethodHandleDesc$1
Event: 0.323 Loading class java/lang/constant/MethodHandleDesc$1 done

Classes unloaded (0 events):
No events

Classes redefined (0 events):
No events

Internal exceptions (2 events):
Event: 0.109 Thread 0x00000176e3cbd890 Exception <a 'java/lang/NoSuchMethodError'{0x00000000eacb4f50}: 'void java.lang.invoke.DirectMethodHandle$Holder.invokeStatic(java.lang.Object, java.lang.Object, java.lang.Object)'> (0x00000000eacb4f50) 
thrown [s\src\hotspot\share\interpreter\linkResolver.cpp, line 759]
Event: 0.211 Thread 0x00000176e3cbd890 Exception <a 'java/lang/reflect/InvocationTargetException'{0x00000000eafe7930}> (0x00000000eafe7930) 
thrown [s\src\hotspot\share\runtime\reflection.cpp, line 1128]

VM Operations (4 events):
Event: 0.113 Executing VM operation: HandshakeAllThreads
Event: 0.113 Executing VM operation: HandshakeAllThreads done
Event: 0.164 Executing VM operation: HandshakeAllThreads
Event: 0.164 Executing VM operation: HandshakeAllThreads done

Memory protections (0 events):
No events

Nmethod flushes (0 events):
No events

Events (13 events):
Event: 0.036 Thread 0x00000176e3cbd890 Thread added: 0x00000176e3cbd890
Event: 0.044 Thread 0x00000176e3cbd890 Thread added: 0x00000176f9a91020
Event: 0.044 Thread 0x00000176e3cbd890 Thread added: 0x00000176f9a91cb0
Event: 0.061 Thread 0x00000176e3cbd890 Thread added: 0x00000176f9a98c10
Event: 0.061 Thread 0x00000176e3cbd890 Thread added: 0x00000176f9a99740
Event: 0.061 Thread 0x00000176e3cbd890 Thread added: 0x00000176f9a9cc20
Event: 0.062 Thread 0x00000176e3cbd890 Thread added: 0x00000176f9a9e700
Event: 0.062 Thread 0x00000176e3cbd890 Thread added: 0x00000176ff140720
Event: 0.062 Thread 0x00000176e3cbd890 Thread added: 0x00000176ff143f90
Event: 0.062 Thread 0x00000176e3cbd890 Thread added: 0x00000176ff159080
Event: 0.100 Thread 0x00000176e3cbd890 Thread added: 0x00000176ff234050
Event: 0.192 Thread 0x00000176ff140720 Thread added: 0x00000176ff3921c0
Event: 0.259 Thread 0x00000176e3cbd890 Thread added: 0x00000176ff491040


Dynamic libraries:
0x00007ff68cff0000 - 0x00007ff68cffe000 	c:\Users\diurno\.vscode\extensions\redhat.java-1.36.0-win32-x64\jre\17.0.13-win32-x86_64\bin\java.exe
0x00007ffa321f0000 - 0x00007ffa32407000 	C:\Windows\SYSTEM32\ntdll.dll
0x00007ffa30e50000 - 0x00007ffa30f14000 	C:\Windows\System32\KERNEL32.DLL
0x00007ffa2fb50000 - 0x00007ffa2ff09000 	C:\Windows\System32\KERNELBASE.dll
0x00007ffa2f770000 - 0x00007ffa2f881000 	C:\Windows\System32\ucrtbase.dll
0x00007ffa10570000 - 0x00007ffa10587000 	c:\Users\diurno\.vscode\extensions\redhat.java-1.36.0-win32-x64\jre\17.0.13-win32-x86_64\bin\jli.dll
0x00007ffa31c70000 - 0x00007ffa31e1e000 	C:\Windows\System32\USER32.dll
0x00007ffa2faa0000 - 0x00007ffa2fac6000 	C:\Windows\System32\win32u.dll
0x00007ffa2ff70000 - 0x00007ffa2ff99000 	C:\Windows\System32\GDI32.dll
0x00007ffa2f890000 - 0x00007ffa2f9ab000 	C:\Windows\System32\gdi32full.dll
0x00007ffa2f560000 - 0x00007ffa2f5fa000 	C:\Windows\System32\msvcp_win.dll
0x00007ffa10390000 - 0x00007ffa103ae000 	c:\Users\diurno\.vscode\extensions\redhat.java-1.36.0-win32-x64\jre\17.0.13-win32-x86_64\bin\VCRUNTIME140.dll
0x00007ffa09540000 - 0x00007ffa097d2000 	C:\Windows\WinSxS\amd64_microsoft.windows.common-controls_6595b64144ccf1df_6.0.22621.4391_none_2715d37f73803e96\COMCTL32.dll
0x00007ffa31f90000 - 0x00007ffa32037000 	C:\Windows\System32\msvcrt.dll
0x00007ffa31750000 - 0x00007ffa31781000 	C:\Windows\System32\IMM32.DLL
0x00007ffa21670000 - 0x00007ffa2167c000 	c:\Users\diurno\.vscode\extensions\redhat.java-1.36.0-win32-x64\jre\17.0.13-win32-x86_64\bin\vcruntime140_1.dll
0x00007ff9fbf70000 - 0x00007ff9fbffd000 	c:\Users\diurno\.vscode\extensions\redhat.java-1.36.0-win32-x64\jre\17.0.13-win32-x86_64\bin\msvcp140.dll
0x00007ff9c7cf0000 - 0x00007ff9c895b000 	c:\Users\diurno\.vscode\extensions\redhat.java-1.36.0-win32-x64\jre\17.0.13-win32-x86_64\bin\server\jvm.dll
0x00007ffa30f20000 - 0x00007ffa30fd2000 	C:\Windows\System32\ADVAPI32.dll
0x00007ffa317d0000 - 0x00007ffa31877000 	C:\Windows\System32\sechost.dll
0x00007ffa2f9b0000 - 0x00007ffa2f9d8000 	C:\Windows\System32\bcrypt.dll
0x00007ffa30fe0000 - 0x00007ffa310f4000 	C:\Windows\System32\RPCRT4.dll
0x00007ffa31f10000 - 0x00007ffa31f81000 	C:\Windows\System32\WS2_32.dll
0x00007ffa2f3c0000 - 0x00007ffa2f40d000 	C:\Windows\SYSTEM32\POWRPROF.dll
0x00007ffa1fe00000 - 0x00007ffa1fe34000 	C:\Windows\SYSTEM32\WINMM.dll
0x00007ffa2c430000 - 0x00007ffa2c43a000 	C:\Windows\SYSTEM32\VERSION.dll
0x00007ffa2f3a0000 - 0x00007ffa2f3b3000 	C:\Windows\SYSTEM32\UMPDC.dll
0x00007ffa2e4f0000 - 0x00007ffa2e508000 	C:\Windows\SYSTEM32\kernel.appcore.dll
0x00007ffa21570000 - 0x00007ffa2157a000 	c:\Users\diurno\.vscode\extensions\redhat.java-1.36.0-win32-x64\jre\17.0.13-win32-x86_64\bin\jimage.dll
0x00007ffa1e200000 - 0x00007ffa1e432000 	C:\Windows\SYSTEM32\DBGHELP.DLL
0x00007ffa313c0000 - 0x00007ffa3174f000 	C:\Windows\System32\combase.dll
0x00007ffa31e30000 - 0x00007ffa31f07000 	C:\Windows\System32\OLEAUT32.dll
0x00007ffa1cd60000 - 0x00007ffa1cd92000 	C:\Windows\SYSTEM32\dbgcore.DLL
0x00007ffa2fad0000 - 0x00007ffa2fb4b000 	C:\Windows\System32\bcryptPrimitives.dll
0x00007ffa21070000 - 0x00007ffa2107e000 	c:\Users\diurno\.vscode\extensions\redhat.java-1.36.0-win32-x64\jre\17.0.13-win32-x86_64\bin\instrument.dll
0x00007ffa0a9d0000 - 0x00007ffa0a9f5000 	c:\Users\diurno\.vscode\extensions\redhat.java-1.36.0-win32-x64\jre\17.0.13-win32-x86_64\bin\java.dll
0x00007ffa10350000 - 0x00007ffa10368000 	c:\Users\diurno\.vscode\extensions\redhat.java-1.36.0-win32-x64\jre\17.0.13-win32-x86_64\bin\zip.dll
0x00007ffa30470000 - 0x00007ffa30ce6000 	C:\Windows\System32\SHELL32.dll
0x00007ffa2d3e0000 - 0x00007ffa2dce3000 	C:\Windows\SYSTEM32\windows.storage.dll
0x00007ffa2d2a0000 - 0x00007ffa2d3df000 	C:\Windows\SYSTEM32\wintypes.dll
0x00007ffa31880000 - 0x00007ffa31979000 	C:\Windows\System32\SHCORE.dll
0x00007ffa30cf0000 - 0x00007ffa30d4e000 	C:\Windows\System32\shlwapi.dll
0x00007ffa2f420000 - 0x00007ffa2f44b000 	C:\Windows\SYSTEM32\profapi.dll
0x00007ffa0e810000 - 0x00007ffa0e829000 	C:\Users\diurno\.vscode\extensions\redhat.java-1.36.0-win32-x64\jre\17.0.13-win32-x86_64\bin\net.dll
0x00007ffa2a160000 - 0x00007ffa2a296000 	C:\Windows\SYSTEM32\WINHTTP.dll
0x00007ffa2e960000 - 0x00007ffa2e9c9000 	C:\Windows\system32\mswsock.dll
0x00007ffa0e030000 - 0x00007ffa0e046000 	C:\Users\diurno\.vscode\extensions\redhat.java-1.36.0-win32-x64\jre\17.0.13-win32-x86_64\bin\nio.dll
0x00007ffa1f470000 - 0x00007ffa1f480000 	c:\Users\diurno\.vscode\extensions\redhat.java-1.36.0-win32-x64\jre\17.0.13-win32-x86_64\bin\verify.dll

dbghelp: loaded successfully - version: 4.0.5 - missing functions: none
symbol engine: initialized successfully - sym options: 0x614 - pdb path: .;c:\Users\diurno\.vscode\extensions\redhat.java-1.36.0-win32-x64\jre\17.0.13-win32-x86_64\bin;C:\Windows\SYSTEM32;C:\Windows\WinSxS\amd64_microsoft.windows.common-controls_6595b64144ccf1df_6.0.22621.4391_none_2715d37f73803e96;c:\Users\diurno\.vscode\extensions\redhat.java-1.36.0-win32-x64\jre\17.0.13-win32-x86_64\bin\server

VM Arguments:
jvm_args: --add-modules=ALL-SYSTEM --add-opens=java.base/java.util=ALL-UNNAMED --add-opens=java.base/java.lang=ALL-UNNAMED --add-opens=java.base/sun.nio.fs=ALL-UNNAMED -Declipse.application=org.eclipse.jdt.ls.core.id1 -Dosgi.bundles.defaultStartLevel=4 -Declipse.product=org.eclipse.jdt.ls.core.product -Djava.import.generatesMetadataFilesAtProjectRoot=false -DDetectVMInstallationsJob.disabled=true -Dfile.encoding=utf8 -XX:+UseParallelGC -XX:GCTimeRatio=4 -XX:AdaptiveSizePolicyWeight=90 -Dsun.zip.disableMemoryMapping=true -Xmx1G -Xms100m -Xlog:disable -javaagent:c:\Users\diurno\.vscode\extensions\redhat.java-1.36.0-win32-x64\lombok\lombok-1.18.35.jar -XX:+HeapDumpOnOutOfMemoryError -XX:HeapDumpPath=c:\Users\diurno\AppData\Roaming\Code\User\workspaceStorage\4af0da5496e3b76ea03ee0c80b5b9cc0\redhat.java -Daether.dependencyCollector.impl=bf 
java_command: c:\Users\diurno\.vscode\extensions\redhat.java-1.36.0-win32-x64\server\plugins\org.eclipse.equinox.launcher_1.6.900.v20240613-2009.jar -configuration c:\Users\diurno\AppData\Roaming\Code\User\globalStorage\redhat.java\1.36.0\config_win -data c:\Users\diurno\AppData\Roaming\Code\User\workspaceStorage\4af0da5496e3b76ea03ee0c80b5b9cc0\redhat.java\jdt_ws --pipe=\\.\pipe\lsp-20a349705f06538413527b061b58746c-sock
java_class_path (initial): c:\Users\diurno\.vscode\extensions\redhat.java-1.36.0-win32-x64\server\plugins\org.eclipse.equinox.launcher_1.6.900.v20240613-2009.jar
Launcher Type: SUN_STANDARD

[Global flags]
    uintx AdaptiveSizePolicyWeight                 = 90                                        {product} {command line}
     intx CICompilerCount                          = 3                                         {product} {ergonomic}
    uintx GCTimeRatio                              = 4                                         {product} {command line}
     bool HeapDumpOnOutOfMemoryError               = true                                   {manageable} {command line}
    ccstr HeapDumpPath                             = c:\Users\diurno\AppData\Roaming\Code\User\workspaceStorage\4af0da5496e3b76ea03ee0c80b5b9cc0\redhat.java         {manageable} {command line}
   size_t InitialHeapSize                          = 104857600                                 {product} {command line}
   size_t MaxHeapSize                              = 1073741824                                {product} {command line}
   size_t MaxNewSize                               = 357564416                                 {product} {ergonomic}
   size_t MinHeapDeltaBytes                        = 524288                                    {product} {ergonomic}
   size_t MinHeapSize                              = 104857600                                 {product} {command line}
   size_t NewSize                                  = 34603008                                  {product} {ergonomic}
    uintx NonNMethodCodeHeapSize                   = 5832780                                {pd product} {ergonomic}
    uintx NonProfiledCodeHeapSize                  = 122912730                              {pd product} {ergonomic}
   size_t OldSize                                  = 70254592                                  {product} {ergonomic}
    uintx ProfiledCodeHeapSize                     = 122912730                              {pd product} {ergonomic}
    uintx ReservedCodeCacheSize                    = 251658240                              {pd product} {ergonomic}
     bool SegmentedCodeCache                       = true                                      {product} {ergonomic}
   size_t SoftMaxHeapSize                          = 1073741824                             {manageable} {ergonomic}
     bool UseCompressedClassPointers               = true                           {product lp64_product} {ergonomic}
     bool UseCompressedOops                        = true                           {product lp64_product} {ergonomic}
     bool UseLargePagesIndividualAllocation        = false                                  {pd product} {ergonomic}
     bool UseParallelGC                            = true                                      {product} {command line}

Logging:
Log output configuration:
 #0: stdout all=off uptime,level,tags
 #1: stderr all=off uptime,level,tags

Environment Variables:
JAVA_HOME=C:\Program Files\Java\jdk-22
CLASSPATH=.;C:\misclases
PATH=C:\Program Files\Common Files\Oracle\Java\javapath;C:\Program Files\Eclipse Adoptium\jre-21.0.3.9-hotspot\bin;C:\Program Files\Eclipse Adoptium\jdk-21.0.3.9-hotspot\bin;C:\Windows\system32;C:\Windows;C:\Windows\System32\Wbem;C:\Windows\System32\WindowsPowerShell\v1.0\;C:\Windows\System32\OpenSSH\;C:\Program Files\Microsoft VS Code\bin;C:\Program Files\Git\cmd;C:\Program Files (x86)\Microsoft SQL Server\160\Tools\Binn\;C:\Program Files\Microsoft SQL Server\160\Tools\Binn\;C:\Program Files\Microsoft SQL Server\Client SDK\ODBC\170\Tools\Binn\;C:\Program Files\Microsoft SQL Server\160\DTS\Binn\;C:\Program Files (x86)\Microsoft SQL Server\160\DTS\Binn\;C:\Program Files\Java\jdk-22\bin;C:\Program Files\apache-maven-3.9.6\bin;C:\Users\diurno\AppData\Local\Microsoft\WindowsApps;C:\Users\diurno\AppData\Local\GitHubDesktop\bin
USERNAME=diurno
OS=Windows_NT
PROCESSOR_IDENTIFIER=Intel64 Family 6 Model 158 Stepping 10, GenuineIntel
TMP=C:\Users\diurno\AppData\Local\Temp
TEMP=C:\Users\diurno\AppData\Local\Temp



Periodic native trim disabled


---------------  S Y S T E M  ---------------

OS:
 Windows 11 , 64 bit Build 22621 (10.0.22621.4391)
OS uptime: 2 days 5:05 hours
Hyper-V role detected

CPU: total 6 (initial active 6) (6 cores per cpu, 1 threads per core) family 6 model 158 stepping 10 microcode 0xf6, cx8, cmov, fxsr, mmx, 3dnowpref, sse, sse2, sse3, ssse3, sse4.1, sse4.2, popcnt, lzcnt, tsc, tscinvbit, avx, avx2, aes, erms, clmul, bmi1, bmi2, adx, fma, vzeroupper, clflush, clflushopt, hv
Processor Information for all 6 processors :
  Max Mhz: 2808, Current Mhz: 2808, Mhz Limit: 2808

Memory: 4k page, system-wide physical 16158M (2422M free)
TotalPageFile size 46988M (AvailPageFile size 5M)
current process WorkingSet (physical memory assigned to process): 51M, peak: 51M
current process commit charge ("private bytes"): 186M, peak: 186M

vm_info: OpenJDK 64-Bit Server VM (17.0.13+11) for windows-amd64 JRE (17.0.13+11), built on Oct 16 2024 00:10:08 by "admin" with MS VC++ 17.7 (VS2022)

END.
